2026-01-21 10:49:57,039 - app - INFO - Starting Scalable Intern API
2026-01-21 10:50:13,274 - app - INFO - Application shutting down
2026-01-21 10:50:13,274 - root - INFO - Logging handlers flushed
2026-01-21 10:52:58,144 - app - INFO - Starting Scalable Intern API
2026-01-21 10:54:13,527 - python_multipart.multipart - DEBUG - Calling on_part_begin with no data
2026-01-21 10:54:13,527 - python_multipart.multipart - DEBUG - Calling on_header_field with data[42:61]
2026-01-21 10:54:13,527 - python_multipart.multipart - DEBUG - Calling on_header_value with data[63:89]
2026-01-21 10:54:13,529 - python_multipart.multipart - DEBUG - Calling on_header_end with no data
2026-01-21 10:54:13,529 - python_multipart.multipart - DEBUG - Calling on_headers_finished with no data
2026-01-21 10:54:13,531 - python_multipart.multipart - DEBUG - Calling on_part_data with data[93:119]
2026-01-21 10:54:13,531 - python_multipart.multipart - DEBUG - Calling on_part_end with no data
2026-01-21 10:54:13,531 - python_multipart.multipart - DEBUG - Calling on_part_begin with no data
2026-01-21 10:54:13,531 - python_multipart.multipart - DEBUG - Calling on_header_field with data[163:182]
2026-01-21 10:54:13,531 - python_multipart.multipart - DEBUG - Calling on_header_value with data[184:210]
2026-01-21 10:54:13,533 - python_multipart.multipart - DEBUG - Calling on_header_end with no data
2026-01-21 10:54:13,533 - python_multipart.multipart - DEBUG - Calling on_headers_finished with no data
2026-01-21 10:54:13,533 - python_multipart.multipart - DEBUG - Calling on_part_data with data[214:224]
2026-01-21 10:54:13,533 - python_multipart.multipart - DEBUG - Calling on_part_end with no data
2026-01-21 10:54:13,533 - python_multipart.multipart - DEBUG - Calling on_end with no data
2026-01-21 10:54:13,546 - passlib.handlers.bcrypt - DEBUG - detected 'bcrypt' backend, version '3.2.2'
2026-01-21 10:54:13,546 - passlib.handlers.bcrypt - DEBUG - 'bcrypt' backend lacks $2$ support, enabling workaround
2026-01-21 10:55:24,176 - python_multipart.multipart - DEBUG - Calling on_part_begin with no data
2026-01-21 10:55:24,177 - python_multipart.multipart - DEBUG - Calling on_header_field with data[42:61]
2026-01-21 10:55:24,178 - python_multipart.multipart - DEBUG - Calling on_header_value with data[63:89]
2026-01-21 10:55:24,178 - python_multipart.multipart - DEBUG - Calling on_header_end with no data
2026-01-21 10:55:24,178 - python_multipart.multipart - DEBUG - Calling on_headers_finished with no data
2026-01-21 10:55:24,179 - python_multipart.multipart - DEBUG - Calling on_part_data with data[93:109]
2026-01-21 10:55:24,179 - python_multipart.multipart - DEBUG - Calling on_part_end with no data
2026-01-21 10:55:24,179 - python_multipart.multipart - DEBUG - Calling on_part_begin with no data
2026-01-21 10:55:24,179 - python_multipart.multipart - DEBUG - Calling on_header_field with data[153:172]
2026-01-21 10:55:24,180 - python_multipart.multipart - DEBUG - Calling on_header_value with data[174:200]
2026-01-21 10:55:24,180 - python_multipart.multipart - DEBUG - Calling on_header_end with no data
2026-01-21 10:55:24,180 - python_multipart.multipart - DEBUG - Calling on_headers_finished with no data
2026-01-21 10:55:24,180 - python_multipart.multipart - DEBUG - Calling on_part_data with data[204:215]
2026-01-21 10:55:24,181 - python_multipart.multipart - DEBUG - Calling on_part_end with no data
2026-01-21 10:55:24,181 - python_multipart.multipart - DEBUG - Calling on_end with no data
2026-01-21 10:55:49,208 - python_multipart.multipart - DEBUG - Calling on_part_begin with no data
2026-01-21 10:55:49,208 - python_multipart.multipart - DEBUG - Calling on_header_field with data[42:61]
2026-01-21 10:55:49,208 - python_multipart.multipart - DEBUG - Calling on_header_value with data[63:89]
2026-01-21 10:55:49,208 - python_multipart.multipart - DEBUG - Calling on_header_end with no data
2026-01-21 10:55:49,208 - python_multipart.multipart - DEBUG - Calling on_headers_finished with no data
2026-01-21 10:55:49,208 - python_multipart.multipart - DEBUG - Calling on_part_data with data[93:120]
2026-01-21 10:55:49,208 - python_multipart.multipart - DEBUG - Calling on_part_end with no data
2026-01-21 10:55:49,208 - python_multipart.multipart - DEBUG - Calling on_part_begin with no data
2026-01-21 10:55:49,208 - python_multipart.multipart - DEBUG - Calling on_header_field with data[164:183]
2026-01-21 10:55:49,208 - python_multipart.multipart - DEBUG - Calling on_header_value with data[185:211]
2026-01-21 10:55:49,219 - python_multipart.multipart - DEBUG - Calling on_header_end with no data
2026-01-21 10:55:49,219 - python_multipart.multipart - DEBUG - Calling on_headers_finished with no data
2026-01-21 10:55:49,220 - python_multipart.multipart - DEBUG - Calling on_part_data with data[215:225]
2026-01-21 10:55:49,220 - python_multipart.multipart - DEBUG - Calling on_part_end with no data
2026-01-21 10:55:49,220 - python_multipart.multipart - DEBUG - Calling on_end with no data
2026-01-21 10:56:24,734 - python_multipart.multipart - DEBUG - Calling on_field_start with no data
2026-01-21 10:56:24,734 - python_multipart.multipart - DEBUG - Calling on_field_name with data[0:10]
2026-01-21 10:56:24,734 - python_multipart.multipart - DEBUG - Calling on_field_data with data[11:19]
2026-01-21 10:56:24,734 - python_multipart.multipart - DEBUG - Calling on_field_end with no data
2026-01-21 10:56:24,734 - python_multipart.multipart - DEBUG - Calling on_field_start with no data
2026-01-21 10:56:24,734 - python_multipart.multipart - DEBUG - Calling on_field_name with data[20:28]
2026-01-21 10:56:24,734 - python_multipart.multipart - DEBUG - Calling on_field_data with data[29:57]
2026-01-21 10:56:24,734 - python_multipart.multipart - DEBUG - Calling on_field_end with no data
2026-01-21 10:56:24,734 - python_multipart.multipart - DEBUG - Calling on_field_start with no data
2026-01-21 10:56:24,734 - python_multipart.multipart - DEBUG - Calling on_field_name with data[58:66]
2026-01-21 10:56:24,734 - python_multipart.multipart - DEBUG - Calling on_field_data with data[67:79]
2026-01-21 10:56:24,734 - python_multipart.multipart - DEBUG - Calling on_field_end with no data
2026-01-21 10:56:24,738 - python_multipart.multipart - DEBUG - Calling on_field_start with no data
2026-01-21 10:56:24,739 - python_multipart.multipart - DEBUG - Calling on_field_name with data[80:85]
2026-01-21 10:56:24,739 - python_multipart.multipart - DEBUG - Calling on_field_end with no data
2026-01-21 10:56:24,739 - python_multipart.multipart - DEBUG - Calling on_field_start with no data
2026-01-21 10:56:24,739 - python_multipart.multipart - DEBUG - Calling on_field_name with data[87:96]
2026-01-21 10:56:24,740 - python_multipart.multipart - DEBUG - Calling on_field_data with data[97:103]
2026-01-21 10:56:24,740 - python_multipart.multipart - DEBUG - Calling on_field_end with no data
2026-01-21 10:56:24,740 - python_multipart.multipart - DEBUG - Calling on_field_start with no data
2026-01-21 10:56:24,741 - python_multipart.multipart - DEBUG - Calling on_field_name with data[104:117]
2026-01-21 10:56:24,741 - python_multipart.multipart - DEBUG - Calling on_field_data with data[118:126]
2026-01-21 10:56:24,741 - python_multipart.multipart - DEBUG - Calling on_field_end with no data
2026-01-21 10:56:24,741 - python_multipart.multipart - DEBUG - Calling on_end with no data
2026-01-21 11:01:12,434 - app - INFO - Application shutting down
2026-01-21 11:01:12,435 - root - INFO - Logging handlers flushed
